0 info it worked if it ends with ok
1 verbose cli [ 'C:\\Program Files\\nodejs\\\\node.exe',
1 verbose cli   'C:\\Program Files\\nodejs\\node_modules\\npm\\bin\\npm-cli.js',
1 verbose cli   'install' ]
2 info using npm@2.5.1
3 info using node@v0.12.0
4 verbose node symlink C:\Program Files\nodejs\\node.exe
5 warn package.json MasterSeed@0.0.1 No repository field.
6 warn package.json Dependency 'gulp' exists in both dependencies and devDependencies, using 'gulp@^3.5.6' from dependencies
7 warn package.json Dependency 'gulp-concat' exists in both dependencies and devDependencies, using 'gulp-concat@^2.2.0' from dependencies
8 warn package.json Dependency 'gulp-minify-css' exists in both dependencies and devDependencies, using 'gulp-minify-css@^0.3.0' from dependencies
9 warn package.json Dependency 'gulp-rename' exists in both dependencies and devDependencies, using 'gulp-rename@^1.2.0' from dependencies
10 warn package.json Dependency 'gulp-sass' exists in both dependencies and devDependencies, using 'gulp-sass@^1.3.3' from dependencies
11 verbose install where, deps [ 'C:\\Users\\ja999b\\Documents\\NetBeansProjects\\masterseed',
11 verbose install   [ 'gulp',
11 verbose install     'gulp-sass',
11 verbose install     'gulp-concat',
11 verbose install     'gulp-minify-css',
11 verbose install     'gulp-rename',
11 verbose install     'gulp-filesize',
11 verbose install     'gulp-help',
11 verbose install     'gulp-inject',
11 verbose install     'gulp-merge',
11 verbose install     'gulp-protractor',
11 verbose install     'gulp-rimraf',
11 verbose install     'gulp-uglify',
11 verbose install     'gulp-util',
11 verbose install     'gulp-watch',
11 verbose install     'gulp-webdriver',
11 verbose install     'gulp-webserver',
11 verbose install     'karma',
11 verbose install     'karma-chrome-launcher',
11 verbose install     'karma-jasmine',
11 verbose install     'karma-ng-scenario',
11 verbose install     'merge-stream',
11 verbose install     'protractor' ] ]
12 verbose install where, peers [ 'C:\\Users\\ja999b\\Documents\\NetBeansProjects\\masterseed',
12 verbose install   [] ]
13 info preinstall MasterSeed@0.0.1
14 verbose already installed skipping gulp-inject@^1.5.0 C:\Users\ja999b\Documents\NetBeansProjects\masterseed
15 verbose already installed skipping gulp-merge@^0.1.1 C:\Users\ja999b\Documents\NetBeansProjects\masterseed
16 verbose already installed skipping gulp-protractor@^1.0.0 C:\Users\ja999b\Documents\NetBeansProjects\masterseed
17 verbose already installed skipping gulp-rimraf@^0.1.1 C:\Users\ja999b\Documents\NetBeansProjects\masterseed
18 verbose already installed skipping gulp-uglify@^1.4.0 C:\Users\ja999b\Documents\NetBeansProjects\masterseed
19 verbose already installed skipping gulp-util@^2.2.14 C:\Users\ja999b\Documents\NetBeansProjects\masterseed
20 verbose already installed skipping gulp-watch@^4.3.5 C:\Users\ja999b\Documents\NetBeansProjects\masterseed
21 silly cache add args [ 'gulp-webdriver@^1.0.1', null ]
22 verbose cache add spec gulp-webdriver@^1.0.1
23 silly cache add parsed spec { raw: 'gulp-webdriver@^1.0.1',
23 silly cache add   scope: null,
23 silly cache add   name: 'gulp-webdriver',
23 silly cache add   rawSpec: '^1.0.1',
23 silly cache add   spec: '>=1.0.1 <2.0.0',
23 silly cache add   type: 'range' }
24 verbose addNamed gulp-webdriver@>=1.0.1 <2.0.0
25 silly addNamed semver.valid null
26 silly addNamed semver.validRange >=1.0.1 <2.0.0
27 silly addNameRange { name: 'gulp-webdriver',
27 silly addNameRange   range: '>=1.0.1 <2.0.0',
27 silly addNameRange   hasData: false }
28 silly mapToRegistry name gulp-webdriver
29 silly mapToRegistry using default registry
30 silly mapToRegistry registry https://registry.npmjs.org/
31 silly mapToRegistry uri https://registry.npmjs.org/gulp-webdriver
32 verbose addNameRange registry:https://registry.npmjs.org/gulp-webdriver not in flight; fetching
33 verbose already installed skipping gulp-webserver@^0.9.1 C:\Users\ja999b\Documents\NetBeansProjects\masterseed
34 verbose already installed skipping karma@^0.13.9 C:\Users\ja999b\Documents\NetBeansProjects\masterseed
35 verbose already installed skipping karma-chrome-launcher@^0.2.0 C:\Users\ja999b\Documents\NetBeansProjects\masterseed
36 verbose already installed skipping karma-jasmine@^0.3.6 C:\Users\ja999b\Documents\NetBeansProjects\masterseed
37 verbose already installed skipping karma-ng-scenario@^0.1.0 C:\Users\ja999b\Documents\NetBeansProjects\masterseed
38 verbose already installed skipping merge-stream@^1.0.0 C:\Users\ja999b\Documents\NetBeansProjects\masterseed
39 verbose already installed skipping protractor@^2.2.0 C:\Users\ja999b\Documents\NetBeansProjects\masterseed
40 verbose already installed skipping gulp@^3.5.6 C:\Users\ja999b\Documents\NetBeansProjects\masterseed
41 verbose already installed skipping gulp-sass@^1.3.3 C:\Users\ja999b\Documents\NetBeansProjects\masterseed
42 verbose request uri https://registry.npmjs.org/gulp-webdriver
43 verbose request no auth needed
44 info attempt registry request try #1 at 12:38:04 PM
45 verbose request id 331790a868ddb354
46 verbose etag "1OLDHIWSL5V62ERT7LLOK8HYW"
47 http request GET https://registry.npmjs.org/gulp-webdriver
48 verbose already installed skipping gulp-concat@^2.2.0 C:\Users\ja999b\Documents\NetBeansProjects\masterseed
49 verbose already installed skipping gulp-minify-css@^0.3.0 C:\Users\ja999b\Documents\NetBeansProjects\masterseed
50 verbose already installed skipping gulp-rename@^1.2.0 C:\Users\ja999b\Documents\NetBeansProjects\masterseed
51 verbose already installed skipping gulp-filesize@0.0.6 C:\Users\ja999b\Documents\NetBeansProjects\masterseed
52 verbose already installed skipping gulp-help@^1.6.1 C:\Users\ja999b\Documents\NetBeansProjects\masterseed
53 http 304 https://registry.npmjs.org/gulp-webdriver
54 silly get cb [ 304,
54 silly get   { date: 'Mon, 14 Sep 2015 16:38:04 GMT',
54 silly get     via: '1.1 varnish',
54 silly get     'cache-control': 'max-age=60',
54 silly get     etag: '"1OLDHIWSL5V62ERT7LLOK8HYW"',
54 silly get     age: '0',
54 silly get     connection: 'close',
54 silly get     'x-served-by': 'cache-jfk1029-JFK',
54 silly get     'x-cache': 'MISS',
54 silly get     'x-cache-hits': '0',
54 silly get     'x-timer': 'S1442248684.541964,VS0,VE81',
54 silly get     vary: 'Accept' } ]
55 verbose etag https://registry.npmjs.org/gulp-webdriver from cache
56 verbose get saving gulp-webdriver to C:\Users\ja999b\AppData\Roaming\npm-cache\registry.npmjs.org\gulp-webdriver\.cache.json
57 silly addNameRange number 2 { name: 'gulp-webdriver',
57 silly addNameRange   range: '>=1.0.1 <2.0.0',
57 silly addNameRange   hasData: true }
58 silly addNameRange versions [ 'gulp-webdriver',
58 silly addNameRange   [ '0.0.0', '0.1.0', '0.1.1', '1.0.0', '1.0.1' ] ]
59 verbose addNamed gulp-webdriver@1.0.1
60 silly addNamed semver.valid 1.0.1
61 silly addNamed semver.validRange 1.0.1
62 silly cache afterAdd gulp-webdriver@1.0.1
63 verbose afterAdd C:\Users\ja999b\AppData\Roaming\npm-cache\gulp-webdriver\1.0.1\package\package.json not in flight; writing
64 verbose afterAdd C:\Users\ja999b\AppData\Roaming\npm-cache\gulp-webdriver\1.0.1\package\package.json written
65 silly install resolved [ { name: 'gulp-webdriver',
65 silly install resolved     version: '1.0.1',
65 silly install resolved     description: 'gulp-webdriver is a gulp plugin to run selenium tests with the WebdriverIO testrunner',
65 silly install resolved     main: 'index.js',
65 silly install resolved     repository:
65 silly install resolved      { type: 'git',
65 silly install resolved        url: 'https://github.com/webdriverio/gulp-webdriver.git' },
65 silly install resolved     keywords:
65 silly install resolved      [ 'webdriverio',
65 silly install resolved        'gulp',
65 silly install resolved        'selenium',
65 silly install resolved        'webdriver',
65 silly install resolved        'mocha',
65 silly install resolved        'test',
65 silly install resolved        'testing',
65 silly install resolved        'bdd',
65 silly install resolved        'tdd',
65 silly install resolved        'saucelabs',
65 silly install resolved        'runner',
65 silly install resolved        'gulpplugin' ],
65 silly install resolved     author:
65 silly install resolved      { name: 'Christian Bromann',
65 silly install resolved        email: 'mail@christian-bromann.com' },
65 silly install resolved     license: 'MIT',
65 silly install resolved     bugs: { url: 'https://github.com/webdriverio/gulp-webdriver/issues' },
65 silly install resolved     scripts: { test: 'gulp webdriver' },
65 silly install resolved     homepage: 'https://github.com/webdriverio/gulp-webdriver',
65 silly install resolved     dependencies:
65 silly install resolved      { 'gulp-util': '^3.0.4',
65 silly install resolved        through2: '^0.6.5',
65 silly install resolved        deepmerge: '^0.2.7',
65 silly install resolved        dargs: 'git+https://github.com/christian-bromann/dargs',
65 silly install resolved        webdriverio: '^3.2.1' },
65 silly install resolved     devDependencies: { gulp: '^3.8.11', mocha: '^2.3.0' },
65 silly install resolved     gitHead: 'c3f73de8e7f9f968a4ec0b6590793c3c0831e61b',
65 silly install resolved     _id: 'gulp-webdriver@1.0.1',
65 silly install resolved     _shasum: 'cab0c2b4978d48ab9e2ddaad5345753433c638fe',
65 silly install resolved     _from: 'gulp-webdriver@>=1.0.1 <2.0.0',
65 silly install resolved     _npmVersion: '2.6.0',
65 silly install resolved     _nodeVersion: '0.10.28',
65 silly install resolved     _npmUser:
65 silly install resolved      { name: 'christian-bromann',
65 silly install resolved        email: 'contact@christian-bromann.com' },
65 silly install resolved     maintainers: [ [Object] ],
65 silly install resolved     dist:
65 silly install resolved      { shasum: 'cab0c2b4978d48ab9e2ddaad5345753433c638fe',
65 silly install resolved        tarball: 'http://registry.npmjs.org/gulp-webdriver/-/gulp-webdriver-1.0.1.tgz' },
65 silly install resolved     directories: {},
65 silly install resolved     _resolved: 'https://registry.npmjs.org/gulp-webdriver/-/gulp-webdriver-1.0.1.tgz',
65 silly install resolved     readme: 'ERROR: No README data found!' } ]
66 info install gulp-webdriver@1.0.1 into C:\Users\ja999b\Documents\NetBeansProjects\masterseed
67 info installOne gulp-webdriver@1.0.1
68 verbose installOne of gulp-webdriver to C:\Users\ja999b\Documents\NetBeansProjects\masterseed not in flight; installing
69 verbose lock using C:\Users\ja999b\AppData\Roaming\npm-cache\_locks\gulp-webdriver-a7b1170b3cc51f53.lock for C:\Users\ja999b\Documents\NetBeansProjects\masterseed\node_modules\gulp-webdriver
70 silly install write writing gulp-webdriver 1.0.1 to C:\Users\ja999b\Documents\NetBeansProjects\masterseed\node_modules\gulp-webdriver
71 silly cache addNamed cb gulp-webdriver@1.0.1
72 verbose unbuild node_modules\gulp-webdriver
73 verbose gentlyRm vacuuming C:\Users\ja999b\Documents\NetBeansProjects\masterseed\node_modules\gulp-webdriver
74 verbose tar unpack C:\Users\ja999b\AppData\Roaming\npm-cache\gulp-webdriver\1.0.1\package.tgz
75 verbose tar unpacking to C:\Users\ja999b\Documents\NetBeansProjects\masterseed\node_modules\gulp-webdriver
76 verbose gentlyRm vacuuming C:\Users\ja999b\Documents\NetBeansProjects\masterseed\node_modules\gulp-webdriver
77 silly gunzTarPerm modes [ '777', '666' ]
78 silly gunzTarPerm extractEntry package.json
79 silly gunzTarPerm modified mode [ 'package.json', 420, 438 ]
80 silly gunzTarPerm extractEntry .npmignore
81 silly gunzTarPerm modified mode [ '.npmignore', 420, 438 ]
82 silly gunzTarPerm extractEntry README.md
83 silly gunzTarPerm modified mode [ 'README.md', 420, 438 ]
84 silly gunzTarPerm extractEntry LICENSE
85 silly gunzTarPerm modified mode [ 'LICENSE', 420, 438 ]
86 silly gunzTarPerm extractEntry gulpfile.js
87 silly gunzTarPerm modified mode [ 'gulpfile.js', 420, 438 ]
88 silly gunzTarPerm extractEntry index.js
89 silly gunzTarPerm modified mode [ 'index.js', 420, 438 ]
90 silly gunzTarPerm extractEntry .jshintrc
91 silly gunzTarPerm modified mode [ '.jshintrc', 420, 438 ]
92 silly gunzTarPerm extractEntry .travis.yml
93 silly gunzTarPerm modified mode [ '.travis.yml', 420, 438 ]
94 silly gunzTarPerm extractEntry .editorconfig
95 silly gunzTarPerm modified mode [ '.editorconfig', 420, 438 ]
96 silly gunzTarPerm extractEntry test/wdio.conf.js
97 silly gunzTarPerm modified mode [ 'test/wdio.conf.js', 420, 438 ]
98 silly gunzTarPerm extractEntry test/webdriver_test.js
99 silly gunzTarPerm modified mode [ 'test/webdriver_test.js', 420, 438 ]
100 info preinstall gulp-webdriver@1.0.1
101 silly prepareForInstallMany adding gulp-util@^3.0.4 from gulp-webdriver dependencies
102 silly prepareForInstallMany adding through2@^0.6.5 from gulp-webdriver dependencies
103 silly prepareForInstallMany adding deepmerge@^0.2.7 from gulp-webdriver dependencies
104 silly prepareForInstallMany adding dargs@git+https://github.com/christian-bromann/dargs from gulp-webdriver dependencies
105 silly prepareForInstallMany adding webdriverio@^3.2.1 from gulp-webdriver dependencies
106 silly cache add args [ 'gulp-util@^3.0.4', null ]
107 verbose cache add spec gulp-util@^3.0.4
108 silly cache add args [ 'through2@^0.6.5', null ]
109 verbose cache add spec through2@^0.6.5
110 silly cache add parsed spec { raw: 'gulp-util@^3.0.4',
110 silly cache add   scope: null,
110 silly cache add   name: 'gulp-util',
110 silly cache add   rawSpec: '^3.0.4',
110 silly cache add   spec: '>=3.0.4 <4.0.0',
110 silly cache add   type: 'range' }
111 verbose addNamed gulp-util@>=3.0.4 <4.0.0
112 silly addNamed semver.valid null
113 silly addNamed semver.validRange >=3.0.4 <4.0.0
114 silly addNameRange { name: 'gulp-util', range: '>=3.0.4 <4.0.0', hasData: false }
115 silly mapToRegistry name gulp-util
116 silly mapToRegistry using default registry
117 silly mapToRegistry registry https://registry.npmjs.org/
118 silly mapToRegistry uri https://registry.npmjs.org/gulp-util
119 verbose addNameRange registry:https://registry.npmjs.org/gulp-util not in flight; fetching
120 silly cache add parsed spec { raw: 'through2@^0.6.5',
120 silly cache add   scope: null,
120 silly cache add   name: 'through2',
120 silly cache add   rawSpec: '^0.6.5',
120 silly cache add   spec: '>=0.6.5 <0.7.0',
120 silly cache add   type: 'range' }
121 verbose addNamed through2@>=0.6.5 <0.7.0
122 silly addNamed semver.valid null
123 silly addNamed semver.validRange >=0.6.5 <0.7.0
124 silly addNameRange { name: 'through2', range: '>=0.6.5 <0.7.0', hasData: false }
125 silly mapToRegistry name through2
126 silly mapToRegistry using default registry
127 silly mapToRegistry registry https://registry.npmjs.org/
128 silly mapToRegistry uri https://registry.npmjs.org/through2
129 verbose addNameRange registry:https://registry.npmjs.org/through2 not in flight; fetching
130 silly cache add args [ 'deepmerge@^0.2.7', null ]
131 verbose cache add spec deepmerge@^0.2.7
132 silly cache add parsed spec { raw: 'deepmerge@^0.2.7',
132 silly cache add   scope: null,
132 silly cache add   name: 'deepmerge',
132 silly cache add   rawSpec: '^0.2.7',
132 silly cache add   spec: '>=0.2.7 <0.3.0',
132 silly cache add   type: 'range' }
133 verbose addNamed deepmerge@>=0.2.7 <0.3.0
134 silly addNamed semver.valid null
135 silly addNamed semver.validRange >=0.2.7 <0.3.0
136 silly addNameRange { name: 'deepmerge', range: '>=0.2.7 <0.3.0', hasData: false }
137 silly mapToRegistry name deepmerge
138 silly mapToRegistry using default registry
139 silly mapToRegistry registry https://registry.npmjs.org/
140 silly mapToRegistry uri https://registry.npmjs.org/deepmerge
141 verbose addNameRange registry:https://registry.npmjs.org/deepmerge not in flight; fetching
142 silly cache add args [ 'dargs@git+https://github.com/christian-bromann/dargs', null ]
143 verbose cache add spec dargs@git+https://github.com/christian-bromann/dargs
144 silly cache add args [ 'webdriverio@^3.2.1', null ]
145 verbose cache add spec webdriverio@^3.2.1
146 silly cache add parsed spec { raw: 'webdriverio@^3.2.1',
146 silly cache add   scope: null,
146 silly cache add   name: 'webdriverio',
146 silly cache add   rawSpec: '^3.2.1',
146 silly cache add   spec: '>=3.2.1 <4.0.0',
146 silly cache add   type: 'range' }
147 verbose addNamed webdriverio@>=3.2.1 <4.0.0
148 silly addNamed semver.valid null
149 silly addNamed semver.validRange >=3.2.1 <4.0.0
150 silly addNameRange { name: 'webdriverio', range: '>=3.2.1 <4.0.0', hasData: false }
151 silly mapToRegistry name webdriverio
152 silly mapToRegistry using default registry
153 silly mapToRegistry registry https://registry.npmjs.org/
154 silly mapToRegistry uri https://registry.npmjs.org/webdriverio
155 verbose addNameRange registry:https://registry.npmjs.org/webdriverio not in flight; fetching
156 silly cache add parsed spec { raw: 'dargs@git+https://github.com/christian-bromann/dargs',
156 silly cache add   scope: null,
156 silly cache add   name: 'dargs',
156 silly cache add   rawSpec: 'git+https://github.com/christian-bromann/dargs',
156 silly cache add   spec: 'https://github.com/christian-bromann/dargs',
156 silly cache add   type: 'git' }
157 verbose addRemoteGit u="https://github.com/christian-bromann/dargs" silent=false
158 silly addRemoteGit normalized { url: 'https://github.com/christian-bromann/dargs',
158 silly addRemoteGit   branch: 'master' }
159 silly addRemoteGit v https-github-com-christian-bromann-dargs-d1af4fb0
160 verbose addRemoteGit C:\Users\ja999b\AppData\Roaming\npm-cache\_git-remotes\https-github-com-christian-bromann-dargs-d1af4fb0 not in flight; cloning
161 verbose request uri https://registry.npmjs.org/through2
162 verbose request no auth needed
163 info attempt registry request try #1 at 12:38:05 PM
164 verbose etag "5XKBGQ69058LUL1OSPGVGCZ2U"
165 http request GET https://registry.npmjs.org/through2
166 verbose request uri https://registry.npmjs.org/gulp-util
167 verbose request no auth needed
168 info attempt registry request try #1 at 12:38:05 PM
169 verbose etag "8ZHKE0K7RMBW4MND5Y6AZYYR3"
170 http request GET https://registry.npmjs.org/gulp-util
171 verbose request uri https://registry.npmjs.org/webdriverio
172 verbose request no auth needed
173 info attempt registry request try #1 at 12:38:05 PM
174 verbose etag "16QR2KMN2KJBL5PPSGK4QZJDZ"
175 http request GET https://registry.npmjs.org/webdriverio
176 verbose request uri https://registry.npmjs.org/deepmerge
177 verbose request no auth needed
178 info attempt registry request try #1 at 12:38:05 PM
179 verbose etag "46TSRQBX19Z2BXZ7IQ8WY09LD"
180 http request GET https://registry.npmjs.org/deepmerge
181 info git [ 'config', '--get', 'remote.origin.url' ]
182 http 304 https://registry.npmjs.org/gulp-util
183 silly get cb [ 304,
183 silly get   { date: 'Mon, 14 Sep 2015 16:38:04 GMT',
183 silly get     via: '1.1 varnish',
183 silly get     'cache-control': 'max-age=60',
183 silly get     etag: '"8ZHKE0K7RMBW4MND5Y6AZYYR3"',
183 silly get     age: '15',
183 silly get     connection: 'close',
183 silly get     'x-served-by': 'cache-jfk1031-JFK',
183 silly get     'x-cache': 'HIT',
183 silly get     'x-cache-hits': '1',
183 silly get     'x-timer': 'S1442248684.870875,VS0,VE1',
183 silly get     vary: 'Accept' } ]
184 verbose etag https://registry.npmjs.org/gulp-util from cache
185 verbose get saving gulp-util to C:\Users\ja999b\AppData\Roaming\npm-cache\registry.npmjs.org\gulp-util\.cache.json
186 http 304 https://registry.npmjs.org/through2
187 silly get cb [ 304,
187 silly get   { date: 'Mon, 14 Sep 2015 16:38:04 GMT',
187 silly get     via: '1.1 varnish',
187 silly get     'cache-control': 'max-age=60',
187 silly get     etag: '"5XKBGQ69058LUL1OSPGVGCZ2U"',
187 silly get     age: '9',
187 silly get     connection: 'close',
187 silly get     'x-served-by': 'cache-jfk1024-JFK',
187 silly get     'x-cache': 'HIT',
187 silly get     'x-cache-hits': '1',
187 silly get     'x-timer': 'S1442248684.869633,VS0,VE0',
187 silly get     vary: 'Accept' } ]
188 verbose etag https://registry.npmjs.org/through2 from cache
189 verbose get saving through2 to C:\Users\ja999b\AppData\Roaming\npm-cache\registry.npmjs.org\through2\.cache.json
190 silly addNameRange number 2 { name: 'through2', range: '>=0.6.5 <0.7.0', hasData: true }
191 silly addNameRange versions [ 'through2',
191 silly addNameRange   [ '0.0.0',
191 silly addNameRange     '0.0.1',
191 silly addNameRange     '0.0.2',
191 silly addNameRange     '0.0.3',
191 silly addNameRange     '0.0.4',
191 silly addNameRange     '0.0.5',
191 silly addNameRange     '0.1.0',
191 silly addNameRange     '0.2.0',
191 silly addNameRange     '0.2.1',
191 silly addNameRange     '0.2.2',
191 silly addNameRange     '0.2.3',
191 silly addNameRange     '0.3.0',
191 silly addNameRange     '0.4.0',
191 silly addNameRange     '0.4.1',
191 silly addNameRange     '1.0.0',
191 silly addNameRange     '0.4.2',
191 silly addNameRange     '0.5.0',
191 silly addNameRange     '0.5.1',
191 silly addNameRange     '0.6.0',
191 silly addNameRange     '1.1.0',
191 silly addNameRange     '0.6.1',
191 silly addNameRange     '1.1.1',
191 silly addNameRange     '0.6.2',
191 silly addNameRange     '0.6.3',
191 silly addNameRange     '0.6.4',
191 silly addNameRange     '0.6.5',
191 silly addNameRange     '2.0.0' ] ]
192 verbose addNamed through2@0.6.5
193 silly addNamed semver.valid 0.6.5
194 silly addNamed semver.validRange 0.6.5
195 silly addNameRange number 2 { name: 'gulp-util', range: '>=3.0.4 <4.0.0', hasData: true }
196 silly addNameRange versions [ 'gulp-util',
196 silly addNameRange   [ '0.0.1',
196 silly addNameRange     '1.0.0',
196 silly addNameRange     '1.1.0',
196 silly addNameRange     '1.1.1',
196 silly addNameRange     '1.2.0',
196 silly addNameRange     '1.3.0',
196 silly addNameRange     '2.0.0',
196 silly addNameRange     '2.1.1',
196 silly addNameRange     '2.1.2',
196 silly addNameRange     '2.1.3',
196 silly addNameRange     '2.1.4',
196 silly addNameRange     '2.2.0',
196 silly addNameRange     '2.2.1',
196 silly addNameRange     '2.2.2',
196 silly addNameRange     '2.2.3',
196 silly addNameRange     '2.2.5',
196 silly addNameRange     '2.2.6',
196 silly addNameRange     '2.2.7',
196 silly addNameRange     '2.2.8',
196 silly addNameRange     '2.2.9',
196 silly addNameRange     '2.2.10',
196 silly addNameRange     '2.2.11',
196 silly addNameRange     '2.2.12',
196 silly addNameRange     '2.2.13',
196 silly addNameRange     '2.2.14',
196 silly addNameRange     '2.2.15',
196 silly addNameRange     '2.2.16',
196 silly addNameRange     '2.2.17',
196 silly addNameRange     '2.2.18',
196 silly addNameRange     '2.2.19',
196 silly addNameRange     '2.2.20',
196 silly addNameRange     '3.0.0',
196 silly addNameRange     '3.0.1',
196 silly addNameRange     '3.0.2',
196 silly addNameRange     '3.0.3',
196 silly addNameRange     '3.0.4',
196 silly addNameRange     '3.0.5',
196 silly addNameRange     '3.0.6' ] ]
197 verbose addNamed gulp-util@3.0.6
198 silly addNamed semver.valid 3.0.6
199 silly addNamed semver.validRange 3.0.6
200 silly cache afterAdd through2@0.6.5
201 verbose afterAdd C:\Users\ja999b\AppData\Roaming\npm-cache\through2\0.6.5\package\package.json not in flight; writing
202 silly cache afterAdd gulp-util@3.0.6
203 verbose afterAdd C:\Users\ja999b\AppData\Roaming\npm-cache\gulp-util\3.0.6\package\package.json not in flight; writing
204 http 304 https://registry.npmjs.org/deepmerge
205 silly get cb [ 304,
205 silly get   { date: 'Mon, 14 Sep 2015 16:38:04 GMT',
205 silly get     via: '1.1 varnish',
205 silly get     'cache-control': 'max-age=60',
205 silly get     etag: '"46TSRQBX19Z2BXZ7IQ8WY09LD"',
205 silly get     age: '0',
205 silly get     connection: 'close',
205 silly get     'x-served-by': 'cache-jfk1020-JFK',
205 silly get     'x-cache': 'HIT',
205 silly get     'x-cache-hits': '1',
205 silly get     'x-timer': 'S1442248684.875019,VS0,VE19',
205 silly get     vary: 'Accept' } ]
206 verbose etag https://registry.npmjs.org/deepmerge from cache
207 verbose get saving deepmerge to C:\Users\ja999b\AppData\Roaming\npm-cache\registry.npmjs.org\deepmerge\.cache.json
208 verbose afterAdd C:\Users\ja999b\AppData\Roaming\npm-cache\gulp-util\3.0.6\package\package.json written
209 verbose afterAdd C:\Users\ja999b\AppData\Roaming\npm-cache\through2\0.6.5\package\package.json written
210 silly addNameRange number 2 { name: 'deepmerge', range: '>=0.2.7 <0.3.0', hasData: true }
211 silly addNameRange versions [ 'deepmerge',
211 silly addNameRange   [ '0.0.1',
211 silly addNameRange     '0.1.0',
211 silly addNameRange     '0.2.1',
211 silly addNameRange     '0.2.4',
211 silly addNameRange     '0.2.5',
211 silly addNameRange     '0.2.6',
211 silly addNameRange     '0.2.7',
211 silly addNameRange     '0.2.10' ] ]
212 verbose addNamed deepmerge@0.2.10
213 silly addNamed semver.valid 0.2.10
214 silly addNamed semver.validRange 0.2.10
215 silly cache afterAdd deepmerge@0.2.10
216 verbose afterAdd C:\Users\ja999b\AppData\Roaming\npm-cache\deepmerge\0.2.10\package\package.json not in flight; writing
217 verbose afterAdd C:\Users\ja999b\AppData\Roaming\npm-cache\deepmerge\0.2.10\package\package.json written
218 http 304 https://registry.npmjs.org/webdriverio
219 silly get cb [ 304,
219 silly get   { date: 'Mon, 14 Sep 2015 16:38:04 GMT',
219 silly get     via: '1.1 varnish',
219 silly get     'cache-control': 'max-age=60',
219 silly get     etag: '"16QR2KMN2KJBL5PPSGK4QZJDZ"',
219 silly get     age: '0',
219 silly get     connection: 'close',
219 silly get     'x-served-by': 'cache-jfk1031-JFK',
219 silly get     'x-cache': 'HIT',
219 silly get     'x-cache-hits': '1',
219 silly get     'x-timer': 'S1442248684.901694,VS0,VE90',
219 silly get     vary: 'Accept' } ]
220 verbose etag https://registry.npmjs.org/webdriverio from cache
221 verbose get saving webdriverio to C:\Users\ja999b\AppData\Roaming\npm-cache\registry.npmjs.org\webdriverio\.cache.json
222 silly addNameRange number 2 { name: 'webdriverio', range: '>=3.2.1 <4.0.0', hasData: true }
223 silly addNameRange versions [ 'webdriverio',
223 silly addNameRange   [ '2.0.0',
223 silly addNameRange     '2.0.1',
223 silly addNameRange     '2.1.0',
223 silly addNameRange     '2.1.1',
223 silly addNameRange     '2.1.2',
223 silly addNameRange     '2.2.0',
223 silly addNameRange     '2.2.1',
223 silly addNameRange     '2.2.2',
223 silly addNameRange     '2.2.3',
223 silly addNameRange     '2.3.0',
223 silly addNameRange     '2.4.0',
223 silly addNameRange     '2.4.1',
223 silly addNameRange     '2.4.2',
223 silly addNameRange     '2.4.3',
223 silly addNameRange     '2.4.4',
223 silly addNameRange     '2.4.5',
223 silly addNameRange     '3.0.0',
223 silly addNameRange     '3.0.1',
223 silly addNameRange     '3.0.2',
223 silly addNameRange     '3.0.3',
223 silly addNameRange     '3.0.4',
223 silly addNameRange     '3.0.5',
223 silly addNameRange     '3.1.0',
223 silly addNameRange     '3.2.0',
223 silly addNameRange     '3.2.1',
223 silly addNameRange     '3.2.2',
223 silly addNameRange     '3.2.3' ] ]
224 verbose addNamed webdriverio@3.2.3
225 silly addNamed semver.valid 3.2.3
226 silly addNamed semver.validRange 3.2.3
227 silly cache afterAdd webdriverio@3.2.3
228 verbose afterAdd C:\Users\ja999b\AppData\Roaming\npm-cache\webdriverio\3.2.3\package\package.json not in flight; writing
229 verbose afterAdd C:\Users\ja999b\AppData\Roaming\npm-cache\webdriverio\3.2.3\package\package.json written
230 warn `git config --get remote.origin.url` returned wrong result (https://github.com/christian-bromann/dargs)
231 verbose gentlyRm vacuuming C:\Users\ja999b\AppData\Roaming\npm-cache\_git-remotes\https-github-com-christian-bromann-dargs-d1af4fb0
232 silly gentlyRm purging C:\Users\ja999b\AppData\Roaming\npm-cache\_git-remotes\https-github-com-christian-bromann-dargs-d1af4fb0
233 silly gentlyRm quitting because other entries in C:\Users\ja999b\AppData\Roaming\npm-cache\_git-remotes
234 info git [ 'clone',
234 info git   '--template=C:\\Users\\ja999b\\AppData\\Roaming\\npm-cache\\_git-remotes\\_templates',
234 info git   '--mirror',
234 info git   'https://github.com/christian-bromann/dargs',
234 info git   'C:\\Users\\ja999b\\AppData\\Roaming\\npm-cache\\_git-remotes\\https-github-com-christian-bromann-dargs-d1af4fb0' ]
235 error git clone https://github.com/christian-bromann/dargs Cloning into bare repository 'C:\Users\ja999b\AppData\Roaming\npm-cache\_git-remotes\https-github-com-christian-bromann-dargs-d1af4fb0'...
235 error git clone https://github.com/christian-bromann/dargs fatal: unable to access 'https://github.com/christian-bromann/dargs/': Failed to connect to github.com port 443: Timed out
236 verbose about to build C:\Users\ja999b\Documents\NetBeansProjects\masterseed\node_modules\gulp-webdriver
237 verbose unlock done using C:\Users\ja999b\AppData\Roaming\npm-cache\_locks\gulp-webdriver-a7b1170b3cc51f53.lock for C:\Users\ja999b\Documents\NetBeansProjects\masterseed\node_modules\gulp-webdriver
238 verbose stack Error: Command failed: git -c core.longpaths=true clone --template=C:\Users\ja999b\AppData\Roaming\npm-cache\_git-remotes\_templates --mirror https://github.com/christian-bromann/dargs C:\Users\ja999b\AppData\Roaming\npm-cache\_git-remotes\https-github-com-christian-bromann-dargs-d1af4fb0
238 verbose stack Cloning into bare repository 'C:\Users\ja999b\AppData\Roaming\npm-cache\_git-remotes\https-github-com-christian-bromann-dargs-d1af4fb0'...
238 verbose stack fatal: unable to access 'https://github.com/christian-bromann/dargs/': Failed to connect to github.com port 443: Timed out
238 verbose stack
238 verbose stack     at ChildProcess.exithandler (child_process.js:744:12)
238 verbose stack     at ChildProcess.emit (events.js:110:17)
238 verbose stack     at maybeClose (child_process.js:1008:16)
238 verbose stack     at Process.ChildProcess._handle.onexit (child_process.js:1080:5)
239 verbose cwd C:\Users\ja999b\Documents\NetBeansProjects\masterseed
240 error Windows_NT 6.1.7601
241 error argv "C:\\Program Files\\nodejs\\\\node.exe" "C:\\Program Files\\nodejs\\node_modules\\npm\\bin\\npm-cli.js" "install"
242 error node v0.12.0
243 error npm  v2.5.1
244 error code 128
245 error Command failed: git -c core.longpaths=true clone --template=C:\Users\ja999b\AppData\Roaming\npm-cache\_git-remotes\_templates --mirror https://github.com/christian-bromann/dargs C:\Users\ja999b\AppData\Roaming\npm-cache\_git-remotes\https-github-com-christian-bromann-dargs-d1af4fb0
245 error Cloning into bare repository 'C:\Users\ja999b\AppData\Roaming\npm-cache\_git-remotes\https-github-com-christian-bromann-dargs-d1af4fb0'...
245 error fatal: unable to access 'https://github.com/christian-bromann/dargs/': Failed to connect to github.com port 443: Timed out
246 error If you need help, you may report this error at:
246 error     <http://github.com/npm/npm/issues>
247 verbose exit [ 1, true ]
248 verbose unbuild node_modules\gulp-webdriver
249 info preuninstall gulp-webdriver@1.0.1
250 info uninstall gulp-webdriver@1.0.1
251 verbose unbuild rmStuff gulp-webdriver@1.0.1 from C:\Users\ja999b\Documents\NetBeansProjects\masterseed\node_modules
252 info postuninstall gulp-webdriver@1.0.1
253 verbose gentlyRm vacuuming C:\Users\ja999b\Documents\NetBeansProjects\masterseed\node_modules\gulp-webdriver
254 silly gentlyRm purging C:\Users\ja999b\Documents\NetBeansProjects\masterseed\node_modules\gulp-webdriver
255 silly gentlyRm quitting because other entries in C:\Users\ja999b\Documents\NetBeansProjects\masterseed\node_modules
